[18/03/2006 23:16:46] Recherche nouvelle version sur > http://stationisp.free.fr
[18/03/2006 23:16:46] Version actuelle>1.004
[18/03/2006 23:16:46] Version disponible>1.005
[18/03/2006 23:16:46]Téléchargement nouvelle version sur >http://stationisp.free.fr
[18/03/2006 23:17:12] Téléchargement réussi de>http://stationisp.free.fr/down/station.zip
[18/03/2006 23:17:12] Contrôle d'intégrité MD5>A83B9B3700CB51184D748C6F9810EE61
[18/03/2006 23:17:19] Demande de fermeture de la station (5s)>
[18/03/2006 23:18:08] Mise à jour terminée avec succès !> :)
[18/03/2006 23:18:08]18/03/2006 23:18:08> Redémarrage de la station...
[18/03/2006 23:18:31] Arrêt Serveur Station> :)
[18/03/2006 23:19:12] Recherche nouvelle version sur > http://stationisp.free.fr
[18/03/2006 23:19:12] Version actuelle>1.004
[18/03/2006 23:19:12] Version disponible>1.005
[18/03/2006 23:19:12]Téléchargement nouvelle version sur >http://stationisp.free.fr
[18/03/2006 23:19:39] Téléchargement réussi de>http://stationisp.free.fr/down/station.zip
[18/03/2006 23:19:39] Contrôle d'intégrité MD5>A83B9B3700CB51184D748C6F9810EE61
[18/03/2006 23:19:40] Demande de fermeture de la station (5s)>
[18/03/2006 23:19:46] Mise à jour terminée avec succès !> :)
[18/03/2006 23:19:46]18/03/2006 23:19:46> Redémarrage de la station...
[18/03/2006 23:33:09] Recherche nouvelle version sur > http://stationisp.free.fr
[18/03/2006 23:33:09] Version actuelle>1.004
[18/03/2006 23:33:09] Version disponible>1.005
[18/03/2006 23:33:09]Téléchargement nouvelle version sur >http://stationisp.free.fr
[18/03/2006 23:33:36] Téléchargement réussi de>http://stationisp.free.fr/down/station.zip
[18/03/2006 23:33:36] Contrôle d'intégrité MD5>A83B9B3700CB51184D748C6F9810EE61
[18/03/2006 23:33:37] Demande de fermeture de la station (5s)>
[18/03/2006 23:33:42] Mise à jour terminée avec succès !> :)
[18/03/2006 23:33:42]18/03/2006 23:33:42> Redémarrage de la station...
[18/03/2006 23:36:52] Recherche nouvelle version sur > http://stationisp.free.fr
[18/03/2006 23:36:52] Version actuelle>1.004
[18/03/2006 23:36:52] Version disponible>1.005
[18/03/2006 23:36:52]Téléchargement nouvelle version sur >http://stationisp.free.fr
[18/03/2006 23:37:18] Téléchargement réussi de>http://stationisp.free.fr/down/station.zip
[18/03/2006 23:37:18] Contrôle d'intégrité MD5>A83B9B3700CB51184D748C6F9810EE61
[18/03/2006 23:37:19] Demande de fermeture de la station (5s)>
[18/03/2006 23:38:54] Recherche nouvelle version sur > http://stationisp.free.fr
[18/03/2006 23:38:54] Version actuelle>1.004
[18/03/2006 23:38:54] Version disponible>1.005
[18/03/2006 23:38:54]Téléchargement nouvelle version sur >http://stationisp.free.fr
[18/03/2006 23:39:20] Téléchargement réussi de>http://stationisp.free.fr/down/station.zip
[18/03/2006 23:39:20] Contrôle d'intégrité MD5>A83B9B3700CB51184D748C6F9810EE61
[18/03/2006 23:39:20] Demande de fermeture de la station (5s)>
[18/03/2006 23:39:25] Mise à jour terminée avec succès !> :)
[18/03/2006 23:39:25]18/03/2006 23:39:25> Redémarrage de la station...
[18/03/2006 23:40:41] Recherche nouvelle version sur > http://stationisp.free.fr
[18/03/2006 23:40:42] Version actuelle>1.004
[18/03/2006 23:40:42] Version disponible>1.005
[18/03/2006 23:40:42]Téléchargement nouvelle version sur >http://stationisp.free.fr
[18/03/2006 23:41:19] Téléchargement réussi de>http://stationisp.free.fr/down/station.zip
[18/03/2006 23:41:19] Contrôle d'intégrité MD5>A83B9B3700CB51184D748C6F9810EE61
[18/03/2006 23:41:19] Demande de fermeture de la station (5s)>
[18/03/2006 23:41:25] Mise à jour terminée avec succès !> :)
[18/03/2006 23:41:25]18/03/2006 23:41:25> Redémarrage de la station...
[18/03/2006 23:42:25] Recherche nouvelle version sur > http://stationisp.free.fr
[18/03/2006 23:42:25] Version actuelle>1.004
[18/03/2006 23:42:25] Version disponible>1.005
[18/03/2006 23:42:25]Téléchargement nouvelle version sur >http://stationisp.free.fr
[18/03/2006 23:42:54] Téléchargement réussi de>http://stationisp.free.fr/down/station.zip
[18/03/2006 23:42:54] Contrôle d'intégrité MD5>A83B9B3700CB51184D748C6F9810EE61
[18/03/2006 23:42:54] Demande de fermeture de la station (5s)>
[18/03/2006 23:42:59] Mise à jour terminée avec succès !> :)
[18/03/2006 23:43:00]18/03/2006 23:43:00> Redémarrage de la station...
[18/03/2006 23:44:00] Recherche nouvelle version sur > http://stationisp.free.fr
[18/03/2006 23:44:01] Version actuelle>1.004
[18/03/2006 23:44:01] Version disponible>1.005
[18/03/2006 23:44:01]Téléchargement nouvelle version sur >http://stationisp.free.fr
[18/03/2006 23:44:26] Téléchargement réussi de>http://stationisp.free.fr/down/station.zip
[18/03/2006 23:44:26] Contrôle d'intégrité MD5>A83B9B3700CB51184D748C6F9810EE61
[18/03/2006 23:44:27] Demande de fermeture de la station (5s)>
[18/03/2006 23:44:32] Mise à jour terminée avec succès !> :)
[18/03/2006 23:44:32]18/03/2006 23:44:32> Redémarrage de la station...
[18/03/2006 23:45:33] Recherche nouvelle version sur > http://stationisp.free.fr
[18/03/2006 23:45:33] Version actuelle>1.004
[18/03/2006 23:45:33] Version disponible>1.005
[18/03/2006 23:45:33]Téléchargement nouvelle version sur >http://stationisp.free.fr
[18/03/2006 23:46:36] Téléchargement réussi de>http://stationisp.free.fr/down/station.zip
[18/03/2006 23:46:36] Contrôle d'intégrité MD5>A83B9B3700CB51184D748C6F9810EE61
[18/03/2006 23:46:37] Demande de fermeture de la station (5s)>
[18/03/2006 23:46:43] Mise à jour terminée avec succès !> :)
[18/03/2006 23:46:43]18/03/2006 23:46:43> Redémarrage de la station...
[18/03/2006 23:47:44] Recherche nouvelle version sur > http://stationisp.free.fr
[18/03/2006 23:47:45] Version actuelle>1.004
[18/03/2006 23:47:46] Version disponible>1.005
[18/03/2006 23:47:46]Téléchargement nouvelle version sur >http://stationisp.free.fr
[18/03/2006 23:48:31] Téléchargement réussi de>http://stationisp.free.fr/down/station.zip
[18/03/2006 23:48:31] Contrôle d'intégrité MD5>A83B9B3700CB51184D748C6F9810EE61
[18/03/2006 23:48:31] Demande de fermeture de la station (5s)>
[18/03/2006 23:48:37] Mise à jour terminée avec succès !> :)
[18/03/2006 23:48:37]18/03/2006 23:48:37> Redémarrage de la station...
[18/03/2006 23:49:37] Recherche nouvelle version sur > http://stationisp.free.fr
[18/03/2006 23:49:38] Version actuelle>1.004
[18/03/2006 23:49:38] Version disponible>1.005
[18/03/2006 23:49:38]Téléchargement nouvelle version sur >http://stationisp.free.fr
[18/03/2006 23:50:09] Téléchargement réussi de>http://stationisp.free.fr/down/station.zip
[18/03/2006 23:50:10] Contrôle d'intégrité MD5>A83B9B3700CB51184D748C6F9810EE61
[18/03/2006 23:50:10] Demande de fermeture de la station (5s)>
[18/03/2006 23:50:15] Mise à jour terminée avec succès !> :)
[18/03/2006 23:50:15]18/03/2006 23:50:15> Redémarrage de la station...
[18/03/2006 23:50:33] Arrêt Serveur Station> :)
[10/04/2006 21:26:16] Recherche nouvelle version sur > http://stationisp.free.fr
[10/04/2006 21:26:17] Version actuelle>1.005
[10/04/2006 21:26:17] Version disponible>1.005
[10/04/2006 21:26:17] Mise à jour inutile>1.005=1.005
[10/04/2006 21:26:17] Nouvel évènement dans>60s
[10/04/2006 21:26:52] Recherche nouvelle version sur > http://stationisp.free.fr
[10/04/2006 21:26:53] Version actuelle>1.005
[10/04/2006 21:26:53] Version disponible>1.005
[10/04/2006 21:26:53] Mise à jour inutile>1.005=1.005
[10/04/2006 21:26:53] Nouvel évènement dans>60s
[10/04/2006 21:29:49] Recherche nouvelle version sur > http://stationisp.free.fr
[10/04/2006 21:29:50] Version actuelle>1.005
[10/04/2006 21:29:50] Version disponible>1.005
[10/04/2006 21:29:50] Mise à jour inutile>1.005=1.005
[10/04/2006 21:29:50] Nouvel évènement dans>60s
[10/04/2006 21:31:48] Recherche nouvelle version sur > http://stationisp.free.fr
[10/04/2006 21:31:49] Version actuelle>1.005
[10/04/2006 21:31:49] Version disponible>1.005
[10/04/2006 21:31:49] Mise à jour inutile>1.005=1.005
[10/04/2006 21:31:49] Nouvel évènement dans>60s
[10/04/2006 21:32:37] Recherche nouvelle version sur > http://stationisp.free.fr
[10/04/2006 21:32:38] Version actuelle>1.005
[10/04/2006 21:32:38] Version disponible>1.005
[10/04/2006 21:32:38] Mise à jour inutile>1.005=1.005
[10/04/2006 21:32:38] Nouvel évènement dans>60s
[10/04/2006 21:58:24] Recherche nouvelle version sur > http://stationisp.free.fr
[10/04/2006 21:58:25] Version actuelle>1.005
[10/04/2006 21:58:25] Version disponible>1.005
[10/04/2006 21:58:25] Mise à jour inutile>1.005=1.005
[10/04/2006 21:58:25] Nouvel évènement dans>60s
[10/04/2006 21:58:41] Arrêt Serveur Station> :)
[10/04/2006 22:00:52] Recherche nouvelle version sur > http://stationisp.free.fr
[10/04/2006 22:00:52] Version actuelle>1.005
[10/04/2006 22:00:52] Version disponible>1.005
[10/04/2006 22:00:52] Mise à jour inutile>1.005=1.005
[10/04/2006 22:00:52] Nouvel évènement dans>60s
[10/04/2006 22:01:11] Arrêt Serveur Station> :)
[10/04/2006 22:02:20] Recherche nouvelle version sur > http://stationisp.free.fr
[10/04/2006 22:02:20] Version actuelle>1.005
[10/04/2006 22:02:20] Version disponible>1.005
[10/04/2006 22:02:20] Mise à jour inutile>1.005=1.005
[10/04/2006 22:02:20] Nouvel évènement dans>60s
[10/04/2006 22:03:17] Recherche nouvelle version sur > http://stationisp.free.fr
[10/04/2006 22:03:17] Version actuelle>1.005
[10/04/2006 22:03:17] Version disponible>1.005
[10/04/2006 22:03:17] Mise à jour inutile>1.005=1.005
[10/04/2006 22:03:17] Nouvel évènement dans>60s
[15/01/2018 11:48:58] Recherche nouvelle version sur > http://stationisp.free.fr
[15/01/2018 11:49:58] Recherche nouvelle version sur > http://stationisp.free.fr
[15/01/2018 11:50:59] Recherche nouvelle version sur > http://stationisp.free.fr
[15/01/2018 11:51:59] Recherche nouvelle version sur > http://stationisp.free.fr
[15/01/2018 11:57:37] Arrêt Serveur Station> :)
[01/04/2018 12:30:33] Connexion impossible à > http://stationisp.free.fr
[01/04/2018 12:30:33] Nouvel évènement dans>60s
[01/04/2018 12:30:47] Arrêt Serveur Station> :)
